<?xml version="1.0" encoding="UTF-8"?>
<!-- Generated by org.testng.reporters.JUnitXMLReporter -->
<testsuite ignored="1" hostname="DESKTOP-6E33QKP" failures="0" tests="2" name="opencartTest" time="46.956" errors="0" timestamp="2023-01-21T13:45:45 IST">
  <testcase classname="testCases.TC_001_AccountRegistration" name="test_account_Registration" time="5.779"/>
  <testcase classname="testCases.TC_002_LoginTest" name="test_Login" time="10.781"/>
  <testcase classname="testCases.TC_003_LoginDDT" name="test_LoginDDT" time="0.0">
    <ignored/>
  </testcase> <!-- test_LoginDDT -->
</testsuite> <!-- opencartTest -->
