<?xml version="1.0" encoding="UTF-8"?>
<testng-results ignored="1" total="3" passed="2" failed="0" skipped="0">
  <reporter-output>
  </reporter-output>
  <suite started-at="2023-01-21T13:44:58 IST" name="opencarSuite" finished-at="2023-01-21T13:45:45 IST" duration-ms="46956">
    <groups>
      <group name="Master">
        <method signature="TC_001_AccountRegistration.test_account_Registration()[pri:0, instance:testCases.TC_001_AccountRegistration@59309333]" name="test_account_Registration" class="testCases.TC_001_AccountRegistration"/>
        <method signature="TC_002_LoginTest.test_Login()[pri:0, instance:testCases.TC_002_LoginTest@37afeb11]" name="test_Login" class="testCases.TC_002_LoginTest"/>
      </group> <!-- Master -->
      <group name="Regression">
        <method signature="TC_001_AccountRegistration.test_account_Registration()[pri:0, instance:testCases.TC_001_AccountRegistration@59309333]" name="test_account_Registration" class="testCases.TC_001_AccountRegistration"/>
      </group> <!-- Regression -->
      <group name="sanity">
        <method signature="TC_002_LoginTest.test_Login()[pri:0, instance:testCases.TC_002_LoginTest@37afeb11]" name="test_Login" class="testCases.TC_002_LoginTest"/>
      </group> <!-- sanity -->
    </groups>
    <test started-at="2023-01-21T13:44:58 IST" name="opencartTest" finished-at="2023-01-21T13:45:45 IST" duration-ms="46956">
      <class name="testCases.TC_002_LoginTest">
        <test-method is-config="true" signature="Setup(java.lang.String)[pri:0, instance:testCases.TC_002_LoginTest@37afeb11]" started-at="2023-01-21T13:45:23 IST" name="Setup" finished-at="2023-01-21T13:45:34 IST" duration-ms="11465" status="PASS">
          <params>
            <param index="0">
              <value>
                <![CDATA[chrome]]>
              </value>
            </param>
          </params>
          <reporter-output>
          </reporter-output>
        </test-method> <!-- Setup -->
        <test-method signature="test_Login()[pri:0, instance:testCases.TC_002_LoginTest@37afeb11]" started-at="2023-01-21T13:45:34 IST" name="test_Login" finished-at="2023-01-21T13:45:45 IST" duration-ms="10781" status="PASS">
          <reporter-output>
          </reporter-output>
        </test-method> <!-- test_Login -->
        <test-method is-config="true" signature="tearDown()[pri:0, instance:testCases.TC_002_LoginTest@37afeb11]" started-at="2023-01-21T13:45:45 IST" name="tearDown" finished-at="2023-01-21T13:45:45 IST" duration-ms="1" status="PASS">
          <reporter-output>
          </reporter-output>
        </test-method> <!-- tearDown -->
      </class> <!-- testCases.TC_002_LoginTest -->
      <class name="testCases.TC_001_AccountRegistration">
        <test-method is-config="true" signature="Setup(java.lang.String)[pri:0, instance:testCases.TC_001_AccountRegistration@59309333]" started-at="2023-01-21T13:44:59 IST" name="Setup" finished-at="2023-01-21T13:45:17 IST" duration-ms="17535" status="PASS">
          <params>
            <param index="0">
              <value>
                <![CDATA[chrome]]>
              </value>
            </param>
          </params>
          <reporter-output>
          </reporter-output>
        </test-method> <!-- Setup -->
        <test-method signature="test_account_Registration()[pri:0, instance:testCases.TC_001_AccountRegistration@59309333]" started-at="2023-01-21T13:45:17 IST" name="test_account_Registration" finished-at="2023-01-21T13:45:23 IST" duration-ms="5779" status="PASS">
          <reporter-output>
          </reporter-output>
        </test-method> <!-- test_account_Registration -->
        <test-method is-config="true" signature="tearDown()[pri:0, instance:testCases.TC_001_AccountRegistration@59309333]" started-at="2023-01-21T13:45:23 IST" name="tearDown" finished-at="2023-01-21T13:45:23 IST" duration-ms="1" status="PASS">
          <reporter-output>
          </reporter-output>
        </test-method> <!-- tearDown -->
      </class> <!-- testCases.TC_001_AccountRegistration -->
    </test> <!-- opencartTest -->
  </suite> <!-- opencarSuite -->
</testng-results>
